<?xml version="1.0" encoding="UTF-8"?>
<testng-results ignored="0" total="1" passed="1" failed="0" skipped="0">
  <reporter-output>
  </reporter-output>
  <suite started-at="2021-09-13T12:54:36 IST" name="Default suite" finished-at="2021-09-13T12:55:28 IST" duration-ms="52266">
    <groups>
      <group name="cucumber">
        <method signature="AbstractTestNGCucumberTests.runScenario(io.cucumber.testng.PickleWrapper,io.cucumber.testng.FeatureWrapper)[pri:0, instance:cucumberOptions.TestRunner@333291e3]" name="runScenario" class="io.cucumber.testng.AbstractTestNGCucumberTests"/>
      </group> <!-- cucumber -->
    </groups>
    <test started-at="2021-09-13T12:54:36 IST" name="Default test" finished-at="2021-09-13T12:55:28 IST" duration-ms="52266">
      <class name="cucumberOptions.TestRunner">
        <test-method is-config="true" signature="setUpClass()[pri:0, instance:cucumberOptions.TestRunner@333291e3]" started-at="2021-09-13T12:54:36 IST" name="setUpClass" finished-at="2021-09-13T12:54:36 IST" duration-ms="447" status="PASS">
          <reporter-output>
          </reporter-output>
        </test-method> <!-- setUpClass -->
        <test-method signature="runScenario(io.cucumber.testng.PickleWrapper,io.cucumber.testng.FeatureWrapper)[pri:0, instance:cucumberOptions.TestRunner@333291e3]" started-at="2021-09-13T12:54:36 IST" name="runScenario" description="Runs Cucumber Scenarios" data-provider="scenarios" finished-at="2021-09-13T12:55:28 IST" duration-ms="51482" status="PASS">
          <params>
            <param index="0">
              <value>
                <![CDATA["Verify JW Marriott"]]>
              </value>
            </param>
            <param index="1">
              <value>
                <![CDATA["Optional[Validate Brand]"]]>
              </value>
            </param>
          </params>
          <reporter-output>
          </reporter-output>
        </test-method> <!-- runScenario -->
        <test-method is-config="true" signature="tearDownClass()[pri:0, instance:cucumberOptions.TestRunner@333291e3]" started-at="2021-09-13T12:55:28 IST" name="tearDownClass" finished-at="2021-09-13T12:55:28 IST" duration-ms="55" status="PASS">
          <reporter-output>
          </reporter-output>
        </test-method> <!-- tearDownClass -->
      </class> <!-- cucumberOptions.TestRunner -->
    </test> <!-- Default test -->
  </suite> <!-- Default suite -->
</testng-results>
